
The following have been reloaded with a version change:
  1) GCCcore/12.3.0 => GCCcore/9.2.0
  2) binutils/2.40-GCCcore-12.3.0 => binutils/2.32-GCCcore-9.2.0
  3) zlib/1.2.13-GCCcore-12.3.0 => zlib/1.2.11-GCCcore-9.2.0


The following have been reloaded with a version change:
  1) GCCcore/9.2.0 => GCCcore/12.3.0
  2) HDF5/1.10.5-iimpi-2020a => HDF5/1.14.3-gompi-2023a
  3) Szip/2.1.1-GCCcore-9.2.0 => Szip/2.1.1-GCCcore-12.3.0
  4) cURL/7.64.0-GCCcore-9.2.0 => cURL/8.3.0-GCCcore-12.3.0
  5) netCDF/4.7.3-iimpi-2020a => netCDF/4.9.2-gompi-2023a
  6) zlib/1.2.11-GCCcore-9.2.0 => zlib/1.2.13-GCCcore-12.3.0

Note: The following floating-point exceptions are signalling: IEEE_INVALID_FLAG
STOP  Execution terminated because of runtime error
 No such file or directory                                                       
 mod_rdldtr.F90 :      122:NetCDF Error: /nesi/project/uc04166/Reg/RegCM-5.0.0/Glob/SURFACE/ETOPO_BTM_30s.nc:            2
Note: The following floating-point exceptions are signalling: IEEE_INVALID_FLAG
STOP  Execution terminated because of runtime error
 No such file or directory                                                       
 mod_nchelper.F90 :     1150:Error open NetCDF input /nesi/project/uc04166/Reg/RegCM-5.0.0/Run/input/test1_DOMAIN000.nc:            2
Note: The following floating-point exceptions are signalling: IEEE_INVALID_FLAG
STOP  Execution terminated because of runtime error
 No such file or directory                                                       
 mod_nchelper.F90 :     1150:Error open NetCDF input /nesi/project/uc04166/Reg/RegCM-5.0.0/Run/input/test1_DOMAIN000.nc:            2
Note: The following floating-point exceptions are signalling: IEEE_INVALID_FLAG
STOP  Execution terminated because of runtime error
 No such file or directory                                                       
 mod_nchelper.F90 :     1150:Error open NetCDF input /nesi/project/uc04166/Reg/RegCM-5.0.0/Run/input/test1_DOMAIN000.nc:            2
