
  This is Terrain part of RegCM package version 5
   GIT Revision: 5.0.0 compiled at: data : Jul  8 2024  time: 15:32:42

 : this run start at  : 2024-07-22 11:38:23+1200
 : it is submitted by : sha392
 : it is running on   : wbl003
 : in directory       : /scale_wlg_persistent/filesets/project/uc04166/Reg/RegCM-5.0.0/Run
                      
 Creating a set of sigma levels... 
 Convergence reached.
 #  0.92740257089299472        1.0016084179687503               17
 #   5.0000000000000003E-002   1.0000000000000000E-002  0.99999031131634053     
 
 Doing Horizontal Grid with following parameters
 iy     =          297
 jx     =          297
 kz     =           64
 ds     =    10.000000000000000     
 clat   =   -79.000000000000000     
 clon   =   -167.00000000000000     
 iproj  = LAMCON
 Grid setup done
 Geo mapping done
 Special case for longitude wrapping
 Calculated large extrema:
          MINLAT =   -90.000000000000000     
          MAXLAT =   -34.000000000000000     
          MINLON =   -180.00000000000000     
          MAXLON =    180.00000000000000     
 Determined Grid coordinate range
 No resampling used.
 Static DEM data successfully read in
 Interpolated DEM on model GRID
 Static landcover BATS data successfully read in
 Interpolated landcover on model GRID
 Static texture data successfully read in
 Interpolated texture on model GRID
 Static bathymetry data successfully read in
 Interpolated bathymetry on model GRID
 Fudging data (if requested) succeeded
 Skip moisture creation, no moisture file to read
 Vertical Grid Description (T estimated)
 
 --------------------------------------------------
 k        sigma       p(mb)           z(m)     T(K)
 --------------------------------------------------
 65       1.000     1013.25          0.00     272.2
 64       0.990     1003.61         76.17     272.2
 63       0.980      994.21        151.12     272.0
 62       0.971      985.02        225.05     271.9
 61       0.961      976.02        298.08     271.8
 60       0.952      967.19        370.33     271.7
 59       0.943      958.52        441.92     271.6
 58       0.934      949.99        512.96     271.5
 57       0.926      941.58        583.58     271.4
 56       0.917      933.29        653.87     271.3
 55       0.908      925.08        723.96     271.2
 54       0.900      916.96        793.95     271.1
 53       0.892      908.90        863.95     271.0
 52       0.883      900.90        934.09     270.9
 51       0.875      892.94       1004.47     270.8
 50       0.867      885.00       1075.22     270.7
 49       0.859      877.08       1146.40     270.4
 48       0.850      869.15       1218.13     270.1
 47       0.842      861.22       1290.54     269.8
 46       0.834      853.26       1363.76     269.5
 45       0.826      845.27       1437.92     269.1
 44       0.817      837.22       1513.16     268.8
 43       0.809      829.12       1589.64     268.5
 42       0.800      820.93       1667.51     268.1
 41       0.792      812.65       1746.94     267.8
 40       0.783      804.27       1828.11     267.4
 39       0.774      795.77       1911.19     267.1
 38       0.765      787.13       1996.41     266.7
 37       0.756      778.34       2083.97     266.3
 36       0.747      769.38       2174.12     265.9
 35       0.737      760.23       2267.12     265.6
 34       0.728      750.87       2363.24     265.2
 33       0.718      741.29       2462.81     264.8
 32       0.707      731.46       2566.13     264.4
 31       0.697      721.36       2673.59     264.0
 30       0.686      710.96       2785.58     263.6
 29       0.675      700.24       2902.55     263.1
 28       0.664      689.18       3025.00     262.6
 27       0.652      677.74       3153.46     262.1
 26       0.639      665.88       3288.52     261.5
 25       0.627      653.59       3430.85     260.9
 24       0.613      640.81       3581.20     260.2
 23       0.600      627.51       3740.45     259.4
 22       0.585      613.64       3909.58     258.6
 21       0.570      599.17       4089.72     257.8
 20       0.554      584.03       4282.13     256.8
 19       0.538      568.17       4488.13     255.6
 18       0.521      551.52       4709.41     254.3
 17       0.503      534.04       4947.94     252.9
 16       0.483      515.63       5206.02     251.3
 15       0.463      496.22       5486.35     249.6
 14       0.442      475.72       5792.16     247.7
 13       0.419      454.05       6127.39     245.6
 12       0.396      431.08       6496.90     243.2
 11       0.370      406.72       6906.79     240.7
 10       0.343      380.82       7364.71     237.8
  9       0.315      353.25       7880.70     234.6
  8       0.284      323.86       8468.01     231.0
  7       0.252      292.47       9147.08     227.6
  6       0.217      258.89       9947.06     224.1
  5       0.180      222.92      10915.58     221.2
  4       0.139      184.32      12146.31     221.1
  3       0.096      142.83      13796.40     221.0
  2       0.050       98.16      16222.80     221.0
  1       0.000       50.00      20572.50     220.3
 Grid data written to output file
 Successfully completed terrain fields generation

  This is mksurfdata part of RegCM package version 5
   GIT Revision: 5.0.0 compiled at: data : Jul  8 2024  time: 15:33:41

 : this run start at  : 2024-07-22 11:38:56+1200
 : it is submitted by : sha392
 : it is running on   : wbl003
 : in directory       : /scale_wlg_persistent/filesets/project/uc04166/Reg/RegCM-5.0.0/Run
                      
 Created topographic informations...
 Computing weights............................. Done.
 Computing weights............................. Done.
 Computing weights............................. Done.
 Computing weights............................. Done.
 Created special categories informations...
 Created pft informations...
 Computing weights............................. Done.
 Created lai/sai informations...
 Computing weights............................. Done.
 Computing weights............................. Done.

  This is sst part of the RegCM version 5
   GIT Revision: 5.0.0 compiled at: data : Jul  8 2024  time: 15:33:03

 : this run start at    : 2024-07-22 11:41:12+1200
 : it is submitted by   : sha392
 : it is running on     : wbl003
 : in directory         : /scale_wlg_persistent/filesets/project/uc04166/Reg/RegCM-5.0.0/Run
                       
 Opened /nesi/project/uc04166/Reg/RegCM-5.0.0/Glob/ERA5/SST/sst_2014_01.nc
 Computing weights............................. Done.
 Add offset   =    287.58825683593750     
 Scale factor =   -5.3784972988069057E-004
 Fill Value   =  -32767
 GLOBIDATE1 :  2014-01-01 00:00:00 UTC        
 GLOBIDATE2 :  2014-02-01 00:00:00 UTC        
 NSTEPS =          125
 Opened /nesi/project/uc04166/Reg/RegCM-5.0.0/Glob/ERA5/SST/sst_2014_01.nc
 Add offset   =    287.58825683593750     
 Scale factor =   -5.3784972988069057E-004
 Fill Value   =  -32767
 WRITEN OUT SST DATA :  2014-01-01 00:00:00 UTC        
 WRITEN OUT SST DATA :  2014-01-01 06:00:00 UTC        
 WRITEN OUT SST DATA :  2014-01-01 12:00:00 UTC        
 WRITEN OUT SST DATA :  2014-01-01 18:00:00 UTC        
 WRITEN OUT SST DATA :  2014-01-02 00:00:00 UTC        
 WRITEN OUT SST DATA :  2014-01-02 06:00:00 UTC        
 WRITEN OUT SST DATA :  2014-01-02 12:00:00 UTC        
 WRITEN OUT SST DATA :  2014-01-02 18:00:00 UTC        
 WRITEN OUT SST DATA :  2014-01-03 00:00:00 UTC        
 WRITEN OUT SST DATA :  2014-01-03 06:00:00 UTC        
 WRITEN OUT SST DATA :  2014-01-03 12:00:00 UTC        
 WRITEN OUT SST DATA :  2014-01-03 18:00:00 UTC        
 WRITEN OUT SST DATA :  2014-01-04 00:00:00 UTC        
 WRITEN OUT SST DATA :  2014-01-04 06:00:00 UTC        
 WRITEN OUT SST DATA :  2014-01-04 12:00:00 UTC        
 WRITEN OUT SST DATA :  2014-01-04 18:00:00 UTC        
 WRITEN OUT SST DATA :  2014-01-05 00:00:00 UTC        
 WRITEN OUT SST DATA :  2014-01-05 06:00:00 UTC        
 WRITEN OUT SST DATA :  2014-01-05 12:00:00 UTC        
 WRITEN OUT SST DATA :  2014-01-05 18:00:00 UTC        
 WRITEN OUT SST DATA :  2014-01-06 00:00:00 UTC        
 WRITEN OUT SST DATA :  2014-01-06 06:00:00 UTC        
 WRITEN OUT SST DATA :  2014-01-06 12:00:00 UTC        
 WRITEN OUT SST DATA :  2014-01-06 18:00:00 UTC        
 WRITEN OUT SST DATA :  2014-01-07 00:00:00 UTC        
 WRITEN OUT SST DATA :  2014-01-07 06:00:00 UTC        
 WRITEN OUT SST DATA :  2014-01-07 12:00:00 UTC        
 WRITEN OUT SST DATA :  2014-01-07 18:00:00 UTC        
 WRITEN OUT SST DATA :  2014-01-08 00:00:00 UTC        
 WRITEN OUT SST DATA :  2014-01-08 06:00:00 UTC        
 WRITEN OUT SST DATA :  2014-01-08 12:00:00 UTC        
 Opened /nesi/project/uc04166/Reg/RegCM-5.0.0/Glob/ERA5/SST/sst_2014_01.nc
 Add offset   =    287.58825683593750     
 Scale factor =   -5.3784972988069057E-004
 Fill Value   =  -32767

  This is icbc part of the RegCM version 5
   GIT Revision: 5.0.0 compiled at: data : Jul  8 2024  time: 15:33:03

 : this run start at    : 2024-07-22 11:41:13+1200
 : it is submitted by   : sha392
 : it is running on     : wbl003
 : in directory         : /scale_wlg_persistent/filesets/project/uc04166/Reg/RegCM-5.0.0/Run
                       
 GLOBIDATE1 :  2014-01-01 00:00:00 UTC        
 GLOBIDATE2 :  2014-02-01 00:00:00 UTC        
 NSTEPS     :          125
 Computing weights............................. Done.
 Computing weights............................. Done.
      131072 /nesi/project/uc04166/Reg/RegCM-5.0.0/Glob/ERA5/2014/tatm_2014_01.nc  -2.0730511751025915E-003   251.11007690429688     
      196608 /nesi/project/uc04166/Reg/RegCM-5.0.0/Glob/ERA5/2014/geop_2014_01.nc  -7.6253013610839844        244559.37500000000     
      262144 /nesi/project/uc04166/Reg/RegCM-5.0.0/Glob/ERA5/2014/qhum_2014_01.nc  -3.6848203421868675E-007   1.2027956545352936E-002
      327680 /nesi/project/uc04166/Reg/RegCM-5.0.0/Glob/ERA5/2014/uwnd_2014_01.nc  -5.2301157265901566E-003   32.717788696289062     
      393216 /nesi/project/uc04166/Reg/RegCM-5.0.0/Glob/ERA5/2014/vwnd_2014_01.nc  -5.4752845317125320E-003  -7.0428848266601562     
 READ IN fields at DATE: 2014-01-01 00:00:00 UTC        
